[18:28:09.073] [32mINFO[39m (64971): [36m🚀 Elysia API running on http://localhost:4001/api[39m
[18:28:09.075] [32mINFO[39m (64971): [36m🚀 Docs running on http://localhost:4001/api/docs[39m
[18:28:15.013] [31mERROR[39m (Error/64971): [90m{"message":"NOT_FOUND","stack":"Error\n    at NotFoundError (/Users/macmini/elysia-starter/akera/node_modules/elysia/src/error.ts:87:3)\n    at anonymous (file:///Users/macmini/elysia-starter/akera/node_modules/elysia/dist/bun/index.js:12:33)\n    at <anonymous> (/Users/macmini/elysia-starter/akera/node_modules/elysia/src/compose.ts:2335:2)\n    at compile (/Users/macmini/elysia-starter/akera/node_modules/elysia/src/index.ts:6594:7)\n    at <anonymous> (/Users/macmini/elysia-starter/akera/node_modules/elysia/src/adapter/bun/index.ts:211:8)\n    at listen (/Users/macmini/elysia-starter/akera/node_modules/elysia/src/index.ts:6679:31)\n    at <anonymous> (/Users/macmini/elysia-starter/akera/apps/elysia-app/src/app.ts:70:7)\n    at processTicksAndRejections (unknown:7:39)"}[39m
[18:28:17.928] [31mERROR[39m (Error/64971): [90m{"message":"NOT_FOUND","stack":"Error\n    at NotFoundError (/Users/macmini/elysia-starter/akera/node_modules/elysia/src/error.ts:87:3)\n    at anonymous (file:///Users/macmini/elysia-starter/akera/node_modules/elysia/dist/bun/index.js:12:33)\n    at <anonymous> (/Users/macmini/elysia-starter/akera/node_modules/elysia/src/compose.ts:2335:2)\n    at compile (/Users/macmini/elysia-starter/akera/node_modules/elysia/src/index.ts:6594:7)\n    at <anonymous> (/Users/macmini/elysia-starter/akera/node_modules/elysia/src/adapter/bun/index.ts:211:8)\n    at listen (/Users/macmini/elysia-starter/akera/node_modules/elysia/src/index.ts:6679:31)\n    at <anonymous> (/Users/macmini/elysia-starter/akera/apps/elysia-app/src/app.ts:70:7)\n    at processTicksAndRejections (unknown:7:39)"}[39m
[18:28:33.222] [31mERROR[39m (PostgresError/64971): [90m{"message":"Failed to connect","stack":"PostgresError: Failed to connect\n    at <anonymous> (/Users/macmini/elysia-starter/akera/apps/elysia-app/src/modules/users/infrastructure/user.repository.ts:83:17)\n    at processTicksAndRejections (native:7:39)"}[39m
[18:29:52.292] [32mINFO[39m (65195): [36m🚀 Elysia API running on http://localhost:4001/api[39m
[18:29:52.292] [32mINFO[39m (65195): [36m🚀 Docs running on http://localhost:4001/api/docs[39m
[18:29:56.080] [31mERROR[39m (PostgresError/65195): [90m{"message":"Tenant or user not found","stack":"PostgresError: Tenant or user not found\n    at <anonymous> (/Users/macmini/elysia-starter/akera/apps/elysia-app/src/modules/users/infrastructure/user.repository.ts:83:17)\n    at processTicksAndRejections (native:7:39)"}[39m
[18:32:32.635] [31mERROR[39m (PostgresError/65195): [90m{"message":"Tenant or user not found","stack":"PostgresError: Tenant or user not found\n    at <anonymous> (/Users/macmini/elysia-starter/akera/apps/elysia-app/src/modules/users/infrastructure/user.repository.ts:83:17)\n    at processTicksAndRejections (native:7:39)"}[39m
[18:32:42.750] [32mINFO[39m (65195): [36m🚀 Elysia API running on http://localhost:4001/api[39m
[18:32:42.751] [32mINFO[39m (65195): [36m🚀 Docs running on http://localhost:4001/api/docs[39m
[18:32:43.256] [31mERROR[39m (PostgresError/65195): [90m{"message":"Tenant or user not found","stack":"PostgresError: Tenant or user not found\n    at <anonymous> (/Users/macmini/elysia-starter/akera/apps/elysia-app/src/modules/users/infrastructure/user.repository.ts:83:17)\n    at processTicksAndRejections (native:7:39)"}[39m
[18:32:44.404] [31mERROR[39m (PostgresError/65195): [90m{"message":"Tenant or user not found","stack":"PostgresError: Tenant or user not found\n    at <anonymous> (/Users/macmini/elysia-starter/akera/apps/elysia-app/src/modules/users/infrastructure/user.repository.ts:83:17)\n    at processTicksAndRejections (native:7:39)"}[39m
[18:32:54.602] [32mINFO[39m (65195): [36m🚀 Elysia API running on http://localhost:4001/api[39m
[18:32:54.603] [32mINFO[39m (65195): [36m🚀 Docs running on http://localhost:4001/api/docs[39m
[18:34:35.016] [31mERROR[39m (PostgresError/65195): [90m{"message":"Tenant or user not found","stack":"PostgresError: Tenant or user not found\n    at <anonymous> (/Users/macmini/elysia-starter/akera/apps/elysia-app/src/modules/users/infrastructure/user.repository.ts:83:17)\n    at processTicksAndRejections (native:7:39)"}[39m
[18:35:09.016] [32mINFO[39m (65195): [36m🚀 Elysia API running on http://localhost:4001/api[39m
[18:35:09.016] [32mINFO[39m (65195): [36m🚀 Docs running on http://localhost:4001/api/docs[39m
[18:35:17.404] [32mINFO[39m (65195): [36m🚀 Elysia API running on http://localhost:4001/api[39m
[18:35:17.405] [32mINFO[39m (65195): [36m🚀 Docs running on http://localhost:4001/api/docs[39m
[18:35:19.799] [32mINFO[39m (65195): [36mdb connected[39m
[18:35:19.805] [31mERROR[39m (65195): [36mExecuted query: select * from "users" where "id" = $1 with params:[jbdzfj] in 4.4172090000001845 ms[39m
[18:35:19.806] [31mERROR[39m (PostgresError/65195): [90m{"message":"relation \"users\" does not exist","stack":"PostgresError: relation \"users\" does not exist\n    at <anonymous> (/Users/macmini/elysia-starter/akera/apps/elysia-app/src/modules/users/infrastructure/user.repository.ts:83:17)\n    at processTicksAndRejections (native:7:39)"}[39m
[18:35:25.960] [32mINFO[39m (65195): [36m🚀 Elysia API running on http://localhost:4001/api[39m
[18:35:25.960] [32mINFO[39m (65195): [36m🚀 Docs running on http://localhost:4001/api/docs[39m
[18:37:03.232] [32mINFO[39m (66147): [36m🚀 Elysia API running on http://localhost:4001/api[39m
[18:37:03.233] [32mINFO[39m (66147): [36m🚀 Docs running on http://localhost:4001/api/docs[39m
[18:37:05.488] [32mINFO[39m (66147): [36mdb connected[39m
[18:37:05.493] [31mERROR[39m (66147): [36mExecuted query: select * from "users" where "id" = $1 with params:[jbdzfj] in 5.346750000000156 ms[39m
[18:37:05.494] [31mERROR[39m (PostgresError/66147): [90m{"message":"relation \"users\" does not exist","stack":"PostgresError: relation \"users\" does not exist\n    at <anonymous> (/Users/macmini/elysia-starter/akera/apps/elysia-app/src/modules/users/infrastructure/user.repository.ts:83:17)\n    at processTicksAndRejections (native:7:39)"}[39m
[18:38:55.532] [32mINFO[39m (66917): [36mdb connected[39m
[18:38:55.549] [32mINFO[39m (66917): [36mExecuted query: select "a"."attname" as "column", "a"."attnotnull" as "not_null", "a"."atthasdef" as "has_default", "c"."relname" as "table", "c"."relkind" as "table_type", "ns"."nspname" as "schema", "typ"."typname" as "type", "dtns"."nspname" as "type_schema", col_description(a.attrelid, a.attnum) as "column_description", pg_get_serial_sequence(quote_ident(ns.nspname) || '.' || quote_ident(c.relname), a.attname) as "auto_incrementing" from "pg_catalog"."pg_attribute" as "a" inner join "pg_catalog"."pg_class" as "c" on "a"."attrelid" = "c"."oid" inner join "pg_catalog"."pg_namespace" as "ns" on "c"."relnamespace" = "ns"."oid" inner join "pg_catalog"."pg_type" as "typ" on "a"."atttypid" = "typ"."oid" inner join "pg_catalog"."pg_namespace" as "dtns" on "typ"."typnamespace" = "dtns"."oid" where "c"."relkind" in ($1, $2, $3) and "ns"."nspname" !~ $4 and "ns"."nspname" != $5 and "ns"."nspname" != $6 and "a"."attnum" >= $7 and "a"."attisdropped" != $8 order by "ns"."nspname", "c"."relname", "a"."attnum" with params:[r,v,p,^pg_,information_schema,crdb_internal,0,true] in 15.546249999999986 ms[39m
[18:38:55.583] [32mINFO[39m (66917): [36mExecuted query: create table if not exists "kysely_migration" ("name" varchar(255) not null primary key, "timestamp" varchar(255) not null)  in 32.661459000000036 ms[39m
[18:38:55.615] [32mINFO[39m (66917): [36mExecuted query: select "a"."attname" as "column", "a"."attnotnull" as "not_null", "a"."atthasdef" as "has_default", "c"."relname" as "table", "c"."relkind" as "table_type", "ns"."nspname" as "schema", "typ"."typname" as "type", "dtns"."nspname" as "type_schema", col_description(a.attrelid, a.attnum) as "column_description", pg_get_serial_sequence(quote_ident(ns.nspname) || '.' || quote_ident(c.relname), a.attname) as "auto_incrementing" from "pg_catalog"."pg_attribute" as "a" inner join "pg_catalog"."pg_class" as "c" on "a"."attrelid" = "c"."oid" inner join "pg_catalog"."pg_namespace" as "ns" on "c"."relnamespace" = "ns"."oid" inner join "pg_catalog"."pg_type" as "typ" on "a"."atttypid" = "typ"."oid" inner join "pg_catalog"."pg_namespace" as "dtns" on "typ"."typnamespace" = "dtns"."oid" where "c"."relkind" in ($1, $2, $3) and "ns"."nspname" !~ $4 and "ns"."nspname" != $5 and "ns"."nspname" != $6 and "a"."attnum" >= $7 and "a"."attisdropped" != $8 order by "ns"."nspname", "c"."relname", "a"."attnum" with params:[r,v,p,^pg_,information_schema,crdb_internal,0,true] in 10.125208999999984 ms[39m
[18:38:55.622] [32mINFO[39m (66917): [36mExecuted query: create table if not exists "kysely_migration_lock" ("id" varchar(255) not null primary key, "is_locked" integer default 0 not null)  in 5.501041999999984 ms[39m
[18:38:55.624] [32mINFO[39m (66917): [36mExecuted query: select "id" from "kysely_migration_lock" where "id" = $1 with params:[migration_lock] in 1.4968749999999886 ms[39m
[18:38:55.626] [32mINFO[39m (66917): [36mExecuted query: insert into "kysely_migration_lock" ("id", "is_locked") values ($1, $2) with params:[migration_lock,0] in 1.4285840000000007 ms[39m
[18:38:55.628] [32mINFO[39m (66917): [36mExecuted query: begin  in 0.9562500000000114 ms[39m
[18:38:55.630] [32mINFO[39m (66917): [36mExecuted query: select pg_advisory_xact_lock(3853314791062309107)  in 1.3899580000000356 ms[39m
[18:38:55.633] [32mINFO[39m (66917): [36mExecuted query: rollback  in 1.0318750000000136 ms[39m
[18:38:55.633] [31mERROR[39m (66917): [36mFailed to migrate[39m
[18:38:55.633] [31mERROR[39m (Error/66917): [90m{"message":"ENOENT: no such file or directory, scandir '/Users/macmini/elysia-starter/akera/apps/elysia-app/src/app/database/migrations'"}[39m
[18:40:18.334] [32mINFO[39m (67147): [36mdb connected[39m
[18:40:18.406] [32mINFO[39m (67147): [36mExecuted query: select "a"."attname" as "column", "a"."attnotnull" as "not_null", "a"."atthasdef" as "has_default", "c"."relname" as "table", "c"."relkind" as "table_type", "ns"."nspname" as "schema", "typ"."typname" as "type", "dtns"."nspname" as "type_schema", col_description(a.attrelid, a.attnum) as "column_description", pg_get_serial_sequence(quote_ident(ns.nspname) || '.' || quote_ident(c.relname), a.attname) as "auto_incrementing" from "pg_catalog"."pg_attribute" as "a" inner join "pg_catalog"."pg_class" as "c" on "a"."attrelid" = "c"."oid" inner join "pg_catalog"."pg_namespace" as "ns" on "c"."relnamespace" = "ns"."oid" inner join "pg_catalog"."pg_type" as "typ" on "a"."atttypid" = "typ"."oid" inner join "pg_catalog"."pg_namespace" as "dtns" on "typ"."typnamespace" = "dtns"."oid" where "c"."relkind" in ($1, $2, $3) and "ns"."nspname" !~ $4 and "ns"."nspname" != $5 and "ns"."nspname" != $6 and "a"."attnum" >= $7 and "a"."attisdropped" != $8 order by "ns"."nspname", "c"."relname", "a"."attnum" with params:[r,v,p,^pg_,information_schema,crdb_internal,0,true] in 69.89029200000004 ms[39m
[18:40:18.431] [32mINFO[39m (67147): [36mExecuted query: select "a"."attname" as "column", "a"."attnotnull" as "not_null", "a"."atthasdef" as "has_default", "c"."relname" as "table", "c"."relkind" as "table_type", "ns"."nspname" as "schema", "typ"."typname" as "type", "dtns"."nspname" as "type_schema", col_description(a.attrelid, a.attnum) as "column_description", pg_get_serial_sequence(quote_ident(ns.nspname) || '.' || quote_ident(c.relname), a.attname) as "auto_incrementing" from "pg_catalog"."pg_attribute" as "a" inner join "pg_catalog"."pg_class" as "c" on "a"."attrelid" = "c"."oid" inner join "pg_catalog"."pg_namespace" as "ns" on "c"."relnamespace" = "ns"."oid" inner join "pg_catalog"."pg_type" as "typ" on "a"."atttypid" = "typ"."oid" inner join "pg_catalog"."pg_namespace" as "dtns" on "typ"."typnamespace" = "dtns"."oid" where "c"."relkind" in ($1, $2, $3) and "ns"."nspname" !~ $4 and "ns"."nspname" != $5 and "ns"."nspname" != $6 and "a"."attnum" >= $7 and "a"."attisdropped" != $8 order by "ns"."nspname", "c"."relname", "a"."attnum" with params:[r,v,p,^pg_,information_schema,crdb_internal,0,true] in 19.194958000000042 ms[39m
[18:40:18.442] [32mINFO[39m (67147): [36mExecuted query: select "id" from "kysely_migration_lock" where "id" = $1 with params:[migration_lock] in 6.876125000000002 ms[39m
[18:40:18.449] [32mINFO[39m (67147): [36mExecuted query: begin  in 3.415542000000187 ms[39m
[18:40:18.452] [32mINFO[39m (67147): [36mExecuted query: select pg_advisory_xact_lock(3853314791062309107)  in 2.015041999999994 ms[39m
[18:40:18.468] [32mINFO[39m (67147): [36mExecuted query: select "name", "timestamp" from "kysely_migration"  in 6.086083000000144 ms[39m
[18:40:18.484] [32mINFO[39m (67147): [36mExecuted query: CREATE EXTENSION IF NOT EXISTS "uuid-ossp"  in 13.909416999999848 ms[39m
[18:40:18.509] [32mINFO[39m (67147): [36mExecuted query: create table "users" ("id" uuid default uuid_generate_v4() primary key, "email" text not null unique, "name" text not null, "created_at" timestamptz default now() not null)  in 23.601625000000013 ms[39m
[18:40:18.527] [32mINFO[39m (67147): [36mExecuted query: create table "todos" ("id" uuid default uuid_generate_v4() primary key, "user_id" uuid not null references "users" ("id") on delete cascade, "title" text not null, "completed" boolean default false not null, "created_at" timestamptz default now() not null)  in 17.686958000000004 ms[39m
[18:40:18.532] [32mINFO[39m (67147): [36mExecuted query: insert into "kysely_migration" ("name", "timestamp") values ($1, $2) with params:[002_create_module_tables,2025-07-22T17:40:18.528Z] in 2.7110419999999067 ms[39m
[18:40:18.551] [32mINFO[39m (67147): [36mExecuted query: create table "projects" ("id" uuid default gen_random_uuid() primary key, "name" varchar not null, "description" text not null, "owner_id" uuid not null references "users" ("id") on delete cascade, "status" varchar default 'active' not null, "created_at" timestamp default now() not null, "updated_at" timestamp default now() not null)  in 17.265666999999894 ms[39m
[18:40:18.570] [32mINFO[39m (67147): [36mExecuted query: create table "tasks" ("id" uuid default gen_random_uuid() primary key, "project_id" uuid not null references "projects" ("id") on delete cascade, "title" varchar not null, "description" text not null, "assignee_id" uuid references "users" ("id") on delete set null, "priority" varchar default 'medium' not null, "status" varchar default 'todo' not null, "due_date" timestamp, "created_at" timestamp default now() not null, "updated_at" timestamp default now() not null)  in 18.85458299999982 ms[39m
[18:40:18.584] [32mINFO[39m (67147): [36mExecuted query: create table "comments" ("id" uuid default gen_random_uuid() primary key, "task_id" uuid not null references "tasks" ("id") on delete cascade, "user_id" uuid not null references "users" ("id") on delete cascade, "content" text not null, "created_at" timestamp default now() not null, "updated_at" timestamp default now() not null)  in 12.101249999999936 ms[39m
[18:40:18.586] [32mINFO[39m (67147): [36mExecuted query: insert into "kysely_migration" ("name", "timestamp") values ($1, $2) with params:[003_add_project_management_tables,2025-07-22T17:40:18.584Z] in 1.5476250000001528 ms[39m
[18:40:18.591] [32mINFO[39m (67147): [36mExecuted query: commit  in 5.183915999999954 ms[39m
[18:40:18.592] [32mINFO[39m (67147): [36mmigration "002_create_module_tables" was executed successfully[39m
[18:40:18.592] [32mINFO[39m (67147): [36mmigration "003_add_project_management_tables" was executed successfully[39m
[18:40:28.806] [32mINFO[39m (67263): [36m🚀 Elysia API running on http://localhost:4001/api[39m
[18:40:28.807] [32mINFO[39m (67263): [36m🚀 Docs running on http://localhost:4001/api/docs[39m
[18:40:30.434] [32mINFO[39m (67263): [36mdb connected[39m
[18:40:30.441] [31mERROR[39m (67263): [36mExecuted query: select * from "users" where "id" = $1 with params:[jbdzfj] in 6.762624999999844 ms[39m
[18:40:30.441] [31mERROR[39m (PostgresError/67263): [90m{"message":"invalid input syntax for type uuid: \"jbdzfj\"","stack":"PostgresError: invalid input syntax for type uuid: \"jbdzfj\"\n    at <anonymous> (/Users/macmini/elysia-starter/akera/apps/elysia-app/src/modules/users/infrastructure/user.repository.ts:83:17)\n    at processTicksAndRejections (native:7:39)"}[39m
[18:40:32.040] [31mERROR[39m (67263): [36mExecuted query: select * from "users" where "id" = $1 with params:[jbdzfj] in 6.023916999999983 ms[39m
[18:40:32.040] [31mERROR[39m (PostgresError/67263): [90m{"message":"invalid input syntax for type uuid: \"jbdzfj\"","stack":"PostgresError: invalid input syntax for type uuid: \"jbdzfj\"\n    at <anonymous> (/Users/macmini/elysia-starter/akera/apps/elysia-app/src/modules/users/infrastructure/user.repository.ts:83:17)\n    at processTicksAndRejections (native:7:39)"}[39m
[20:40:12.220] [32mINFO[39m (76195): [36m🚀 Elysia API running on http://localhost:4001/api[39m
[20:40:12.220] [32mINFO[39m (76195): [36m🚀 Docs running on http://localhost:4001/api/docs[39m
